CRITICAL - 2023-07-28 14:18:20 --> Invalid file: "main_view.php"
in SYSTEMPATH\Exceptions\FrameworkException.php on line 33.
 1 SYSTEMPATH\View\View.php(212): CodeIgniter\Exceptions\FrameworkException::forInvalidFile('main_view.php')
 2 SYSTEMPATH\Common.php(1180): CodeIgniter\View\View->render('main_view', [], true)
 3 APPPATH\Controllers\Main.php(56): view('main_view', [])
 4 APPPATH\Controllers\Main.php(27): App\Controllers\Main->view()
 5 SYSTEMPATH\CodeIgniter.php(932): App\Controllers\Main->index()
 6 SYSTEMPATH\CodeIgniter.php(497): CodeIgniter\CodeIgniter->runController(Object(App\Controllers\Main))
 7 SYSTEMPATH\CodeIgniter.php(366): CodeIgniter\CodeIgniter->handleRequest(null, Object(Config\Cache), false)
 8 FCPATH\index.php(83): CodeIgniter\CodeIgniter->run()
CRITICAL - 2023-07-28 16:06:31 --> Argument 2 passed to view() must be of the type array, null given, called in D:\htdocs\git\responsive-grid-system\app\Controllers\Main.php on line 50
in SYSTEMPATH\Common.php on line 1168.
 1 APPPATH\Controllers\Main.php(50): view('main_head', null)
 2 APPPATH\Controllers\Main.php(27): App\Controllers\Main->view()
 3 SYSTEMPATH\CodeIgniter.php(932): App\Controllers\Main->index()
 4 SYSTEMPATH\CodeIgniter.php(497): CodeIgniter\CodeIgniter->runController(Object(App\Controllers\Main))
 5 SYSTEMPATH\CodeIgniter.php(366): CodeIgniter\CodeIgniter->handleRequest(null, Object(Config\Cache), false)
 6 FCPATH\index.php(83): CodeIgniter\CodeIgniter->run()
CRITICAL - 2023-07-28 16:09:04 --> syntax error, unexpected ';', expecting ')'
in APPPATH\Controllers\Main.php on line 40.
 1 SYSTEMPATH\Autoloader\Autoloader.php(289): CodeIgniter\Autoloader\Autoloader->includeFile('D:\\htdocs\\git\\responsive-grid-system\\app\\Controllers\\Main.php')
 2 SYSTEMPATH\Autoloader\Autoloader.php(267): CodeIgniter\Autoloader\Autoloader->loadInNamespace('App\\Controllers\\Main')
 3 [internal function]: CodeIgniter\Autoloader\Autoloader->loadClass('App\\Controllers\\Main')
 4 [internal function]: spl_autoload_call('App\\Controllers\\Main')
 5 SYSTEMPATH\CodeIgniter.php(890): class_exists('\\App\\Controllers\\Main', true)
 6 SYSTEMPATH\CodeIgniter.php(484): CodeIgniter\CodeIgniter->startController()
 7 SYSTEMPATH\CodeIgniter.php(366): CodeIgniter\CodeIgniter->handleRequest(null, Object(Config\Cache), false)
 8 FCPATH\index.php(83): CodeIgniter\CodeIgniter->run()
CRITICAL - 2023-07-28 16:09:05 --> syntax error, unexpected ';', expecting ')'
in APPPATH\Controllers\Main.php on line 40.
 1 SYSTEMPATH\Autoloader\Autoloader.php(289): CodeIgniter\Autoloader\Autoloader->includeFile('D:\\htdocs\\git\\responsive-grid-system\\app\\Controllers\\Main.php')
 2 SYSTEMPATH\Autoloader\Autoloader.php(267): CodeIgniter\Autoloader\Autoloader->loadInNamespace('App\\Controllers\\Main')
 3 [internal function]: CodeIgniter\Autoloader\Autoloader->loadClass('App\\Controllers\\Main')
 4 [internal function]: spl_autoload_call('App\\Controllers\\Main')
 5 SYSTEMPATH\CodeIgniter.php(890): class_exists('\\App\\Controllers\\Main', true)
 6 SYSTEMPATH\CodeIgniter.php(484): CodeIgniter\CodeIgniter->startController()
 7 SYSTEMPATH\CodeIgniter.php(366): CodeIgniter\CodeIgniter->handleRequest(null, Object(Config\Cache), false)
 8 FCPATH\index.php(83): CodeIgniter\CodeIgniter->run()
CRITICAL - 2023-07-28 16:09:06 --> syntax error, unexpected ';', expecting ')'
in APPPATH\Controllers\Main.php on line 40.
 1 SYSTEMPATH\Autoloader\Autoloader.php(289): CodeIgniter\Autoloader\Autoloader->includeFile('D:\\htdocs\\git\\responsive-grid-system\\app\\Controllers\\Main.php')
 2 SYSTEMPATH\Autoloader\Autoloader.php(267): CodeIgniter\Autoloader\Autoloader->loadInNamespace('App\\Controllers\\Main')
 3 [internal function]: CodeIgniter\Autoloader\Autoloader->loadClass('App\\Controllers\\Main')
 4 [internal function]: spl_autoload_call('App\\Controllers\\Main')
 5 SYSTEMPATH\CodeIgniter.php(890): class_exists('\\App\\Controllers\\Main', true)
 6 SYSTEMPATH\CodeIgniter.php(484): CodeIgniter\CodeIgniter->startController()
 7 SYSTEMPATH\CodeIgniter.php(366): CodeIgniter\CodeIgniter->handleRequest(null, Object(Config\Cache), false)
 8 FCPATH\index.php(83): CodeIgniter\CodeIgniter->run()
CRITICAL - 2023-07-28 16:09:09 --> syntax error, unexpected ';', expecting ')'
in APPPATH\Controllers\Main.php on line 40.
 1 SYSTEMPATH\Autoloader\Autoloader.php(289): CodeIgniter\Autoloader\Autoloader->includeFile('D:\\htdocs\\git\\responsive-grid-system\\app\\Controllers\\Main.php')
 2 SYSTEMPATH\Autoloader\Autoloader.php(267): CodeIgniter\Autoloader\Autoloader->loadInNamespace('App\\Controllers\\Main')
 3 [internal function]: CodeIgniter\Autoloader\Autoloader->loadClass('App\\Controllers\\Main')
 4 [internal function]: spl_autoload_call('App\\Controllers\\Main')
 5 SYSTEMPATH\CodeIgniter.php(890): class_exists('\\App\\Controllers\\Main', true)
 6 SYSTEMPATH\CodeIgniter.php(484): CodeIgniter\CodeIgniter->startController()
 7 SYSTEMPATH\CodeIgniter.php(366): CodeIgniter\CodeIgniter->handleRequest(null, Object(Config\Cache), false)
 8 FCPATH\index.php(83): CodeIgniter\CodeIgniter->run()
CRITICAL - 2023-07-28 16:11:24 --> syntax error, unexpected ';', expecting ')'
in APPPATH\Controllers\Main.php on line 40.
 1 SYSTEMPATH\Autoloader\Autoloader.php(289): CodeIgniter\Autoloader\Autoloader->includeFile('D:\\htdocs\\git\\responsive-grid-system\\app\\Controllers\\Main.php')
 2 SYSTEMPATH\Autoloader\Autoloader.php(267): CodeIgniter\Autoloader\Autoloader->loadInNamespace('App\\Controllers\\Main')
 3 [internal function]: CodeIgniter\Autoloader\Autoloader->loadClass('App\\Controllers\\Main')
 4 [internal function]: spl_autoload_call('App\\Controllers\\Main')
 5 SYSTEMPATH\CodeIgniter.php(890): class_exists('\\App\\Controllers\\Main', true)
 6 SYSTEMPATH\CodeIgniter.php(484): CodeIgniter\CodeIgniter->startController()
 7 SYSTEMPATH\CodeIgniter.php(366): CodeIgniter\CodeIgniter->handleRequest(null, Object(Config\Cache), false)
 8 FCPATH\index.php(83): CodeIgniter\CodeIgniter->run()
CRITICAL - 2023-07-28 16:11:25 --> syntax error, unexpected ';', expecting ')'
in APPPATH\Controllers\Main.php on line 40.
 1 SYSTEMPATH\Autoloader\Autoloader.php(289): CodeIgniter\Autoloader\Autoloader->includeFile('D:\\htdocs\\git\\responsive-grid-system\\app\\Controllers\\Main.php')
 2 SYSTEMPATH\Autoloader\Autoloader.php(267): CodeIgniter\Autoloader\Autoloader->loadInNamespace('App\\Controllers\\Main')
 3 [internal function]: CodeIgniter\Autoloader\Autoloader->loadClass('App\\Controllers\\Main')
 4 [internal function]: spl_autoload_call('App\\Controllers\\Main')
 5 SYSTEMPATH\CodeIgniter.php(890): class_exists('\\App\\Controllers\\Main', true)
 6 SYSTEMPATH\CodeIgniter.php(484): CodeIgniter\CodeIgniter->startController()
 7 SYSTEMPATH\CodeIgniter.php(366): CodeIgniter\CodeIgniter->handleRequest(null, Object(Config\Cache), false)
 8 FCPATH\index.php(83): CodeIgniter\CodeIgniter->run()
CRITICAL - 2023-07-28 16:11:30 --> syntax error, unexpected ';', expecting ')'
in APPPATH\Controllers\Main.php on line 40.
 1 SYSTEMPATH\Autoloader\Autoloader.php(289): CodeIgniter\Autoloader\Autoloader->includeFile('D:\\htdocs\\git\\responsive-grid-system\\app\\Controllers\\Main.php')
 2 SYSTEMPATH\Autoloader\Autoloader.php(267): CodeIgniter\Autoloader\Autoloader->loadInNamespace('App\\Controllers\\Main')
 3 [internal function]: CodeIgniter\Autoloader\Autoloader->loadClass('App\\Controllers\\Main')
 4 [internal function]: spl_autoload_call('App\\Controllers\\Main')
 5 SYSTEMPATH\CodeIgniter.php(890): class_exists('\\App\\Controllers\\Main', true)
 6 SYSTEMPATH\CodeIgniter.php(484): CodeIgniter\CodeIgniter->startController()
 7 SYSTEMPATH\CodeIgniter.php(366): CodeIgniter\CodeIgniter->handleRequest(null, Object(Config\Cache), false)
 8 FCPATH\index.php(83): CodeIgniter\CodeIgniter->run()
CRITICAL - 2023-07-28 16:14:34 --> Argument 2 passed to view() must be of the type array, null given, called in D:\htdocs\git\responsive-grid-system\app\Controllers\Main.php on line 52
in SYSTEMPATH\Common.php on line 1168.
 1 APPPATH\Controllers\Main.php(52): view('main_head', null)
 2 APPPATH\Controllers\Main.php(27): App\Controllers\Main->view()
 3 SYSTEMPATH\CodeIgniter.php(932): App\Controllers\Main->index()
 4 SYSTEMPATH\CodeIgniter.php(497): CodeIgniter\CodeIgniter->runController(Object(App\Controllers\Main))
 5 SYSTEMPATH\CodeIgniter.php(366): CodeIgniter\CodeIgniter->handleRequest(null, Object(Config\Cache), false)
 6 FCPATH\index.php(83): CodeIgniter\CodeIgniter->run()
CRITICAL - 2023-07-28 16:14:36 --> Argument 2 passed to view() must be of the type array, null given, called in D:\htdocs\git\responsive-grid-system\app\Controllers\Main.php on line 52
in SYSTEMPATH\Common.php on line 1168.
 1 APPPATH\Controllers\Main.php(52): view('main_head', null)
 2 APPPATH\Controllers\Main.php(27): App\Controllers\Main->view()
 3 SYSTEMPATH\CodeIgniter.php(932): App\Controllers\Main->index()
 4 SYSTEMPATH\CodeIgniter.php(497): CodeIgniter\CodeIgniter->runController(Object(App\Controllers\Main))
 5 SYSTEMPATH\CodeIgniter.php(366): CodeIgniter\CodeIgniter->handleRequest(null, Object(Config\Cache), false)
 6 FCPATH\index.php(83): CodeIgniter\CodeIgniter->run()
CRITICAL - 2023-07-28 16:14:41 --> Argument 2 passed to view() must be of the type array, null given, called in D:\htdocs\git\responsive-grid-system\app\Controllers\Main.php on line 52
in SYSTEMPATH\Common.php on line 1168.
 1 APPPATH\Controllers\Main.php(52): view('main_head', null)
 2 APPPATH\Controllers\Main.php(27): App\Controllers\Main->view()
 3 SYSTEMPATH\CodeIgniter.php(932): App\Controllers\Main->index()
 4 SYSTEMPATH\CodeIgniter.php(497): CodeIgniter\CodeIgniter->runController(Object(App\Controllers\Main))
 5 SYSTEMPATH\CodeIgniter.php(366): CodeIgniter\CodeIgniter->handleRequest(null, Object(Config\Cache), false)
 6 FCPATH\index.php(83): CodeIgniter\CodeIgniter->run()
CRITICAL - 2023-07-28 16:16:18 --> Argument 2 passed to view() must be of the type array, null given, called in D:\htdocs\git\responsive-grid-system\app\Controllers\Main.php on line 52
in SYSTEMPATH\Common.php on line 1168.
 1 APPPATH\Controllers\Main.php(52): view('main_head', null)
 2 APPPATH\Controllers\Main.php(27): App\Controllers\Main->view()
 3 SYSTEMPATH\CodeIgniter.php(932): App\Controllers\Main->index()
 4 SYSTEMPATH\CodeIgniter.php(497): CodeIgniter\CodeIgniter->runController(Object(App\Controllers\Main))
 5 SYSTEMPATH\CodeIgniter.php(366): CodeIgniter\CodeIgniter->handleRequest(null, Object(Config\Cache), false)
 6 FCPATH\index.php(83): CodeIgniter\CodeIgniter->run()
CRITICAL - 2023-07-28 16:16:19 --> Argument 2 passed to view() must be of the type array, null given, called in D:\htdocs\git\responsive-grid-system\app\Controllers\Main.php on line 52
in SYSTEMPATH\Common.php on line 1168.
 1 APPPATH\Controllers\Main.php(52): view('main_head', null)
 2 APPPATH\Controllers\Main.php(27): App\Controllers\Main->view()
 3 SYSTEMPATH\CodeIgniter.php(932): App\Controllers\Main->index()
 4 SYSTEMPATH\CodeIgniter.php(497): CodeIgniter\CodeIgniter->runController(Object(App\Controllers\Main))
 5 SYSTEMPATH\CodeIgniter.php(366): CodeIgniter\CodeIgniter->handleRequest(null, Object(Config\Cache), false)
 6 FCPATH\index.php(83): CodeIgniter\CodeIgniter->run()
